<?xml version="1.0" encoding="UTF-8"?>
<!-- Generated by org.testng.reporters.JUnitReportReporter -->
<testsuite hostname="DESKTOP-4K2IFQ7" failures="0" tests="1" name="tests.CircuitTest" time="3.341" errors="0" timestamp="2024-02-28T18:14:17 IST" skipped="0">
  <testcase classname="tests.CircuitTest" name="getAllUsers" time="3.341"/>
</testsuite> <!-- tests.CircuitTest -->
