<?xml version="1.0" encoding="UTF-8"?>
<!-- Generated by org.testng.reporters.JUnitReportReporter -->
<testsuite hostname="DESKTOP-4K2IFQ7" failures="0" tests="1" name="tests.GetUserTest" time="5.018" errors="0" timestamp="2024-02-23T18:59:23 IST" skipped="0">
  <testcase classname="tests.GetUserTest" name="getSPecificUser_WithQueryParam" time="5.018"/>
</testsuite> <!-- tests.GetUserTest -->
