<?xml version="1.0" encoding="UTF-8"?>
<!-- Generated by org.testng.reporters.JUnitReportReporter -->
<testsuite hostname="DESKTOP-4K2IFQ7" failures="0" tests="1" name="tests.GetUserTest" time="3.156" errors="0" timestamp="2024-02-22T12:10:05 IST" skipped="0">
  <testcase classname="tests.GetUserTest" name="getUserTest_WithQueryParams" time="3.156"/>
</testsuite> <!-- tests.GetUserTest -->
