<?xml version="1.0" encoding="UTF-8"?>
<!-- Generated by org.testng.reporters.JUnitReportReporter -->
<testsuite hostname="DESKTOP-4K2IFQ7" failures="0" tests="1" name="tests.CircuitTest" time="1.291" errors="0" timestamp="2024-02-27T18:30:18 IST" skipped="0">
  <testcase classname="tests.CircuitTest" name="getAllUsers" time="1.291"/>
</testsuite> <!-- tests.CircuitTest -->
