<?xml version="1.0" encoding="UTF-8"?>
<!-- Generated by org.testng.reporters.JUnitReportReporter -->
<testsuite hostname="DESKTOP-4K2IFQ7" failures="0" tests="3" name="tests.CreateUserTest" time="10.666" errors="0" timestamp="2024-02-27T18:43:17 IST" skipped="0">
  <testcase classname="tests.CreateUserTest" name="createUser" time="5.783"/>
  <testcase classname="tests.CreateUserTest" name="createUser" time="2.355"/>
  <testcase classname="tests.CreateUserTest" name="createUser" time="2.528"/>
</testsuite> <!-- tests.CreateUserTest -->
