<?xml version="1.0" encoding="UTF-8"?>
<!-- Generated by org.testng.reporters.JUnitReportReporter -->
<testsuite hostname="DESKTOP-4K2IFQ7" failures="0" tests="1" name="tests.CircuitTest" time="4.911" errors="0" timestamp="2024-02-26T19:18:10 IST" skipped="0">
  <testcase classname="tests.CircuitTest" name="getAllUsers" time="4.911"/>
</testsuite> <!-- tests.CircuitTest -->
