<?xml version="1.0" encoding="UTF-8"?>
<!-- Generated by org.testng.reporters.JUnitReportReporter -->
<testsuite hostname="DESKTOP-4K2IFQ7" failures="0" tests="3" name="tests.GetUserTest" time="6.375" errors="0" timestamp="2024-02-27T10:13:25 IST" skipped="0">
  <testcase classname="tests.GetUserTest" name="getSPecificUser_WithQueryParam" time="3.092"/>
  <testcase classname="tests.GetUserTest" name="getSpecificUser" time="2.145"/>
  <testcase classname="tests.GetUserTest" name="getAllUsers" time="1.138"/>
</testsuite> <!-- tests.GetUserTest -->
