<?xml version="1.0" encoding="UTF-8"?>
<!-- Generated by org.testng.reporters.JUnitReportReporter -->
<testsuite hostname="DESKTOP-4K2IFQ7" failures="0" tests="1" name="tests.GetUserTest" time="2.901" errors="0" timestamp="2024-02-24T15:59:05 IST" skipped="0">
  <testcase classname="tests.GetUserTest" name="getAllUsers" time="2.901"/>
</testsuite> <!-- tests.GetUserTest -->
