<?xml version="1.0" encoding="UTF-8"?>
<!-- Generated by org.testng.reporters.JUnitReportReporter -->
<testsuite hostname="DESKTOP-4K2IFQ7" failures="0" tests="1" name="tests.CreateUserTest" time="2.582" errors="0" timestamp="2024-02-26T19:18:10 IST" skipped="0">
  <testcase classname="tests.CreateUserTest" name="createUser" time="2.582"/>
</testsuite> <!-- tests.CreateUserTest -->
