<?xml version="1.0" encoding="UTF-8"?>
<!-- Generated by org.testng.reporters.JUnitReportReporter -->
<testsuite hostname="DESKTOP-4K2IFQ7" failures="0" tests="3" name="tests.CreateUserTest" time="10.969" errors="0" timestamp="2024-02-28T18:42:01 IST" skipped="0">
  <testcase classname="tests.CreateUserTest" name="createUser" time="6.281"/>
  <testcase classname="tests.CreateUserTest" name="createUser" time="1.835"/>
  <testcase classname="tests.CreateUserTest" name="createUser" time="2.853"/>
</testsuite> <!-- tests.CreateUserTest -->
